\BOOKMARK [0][-]{chapter.1}{\376\377\000I\000n\000t\000r\000o\000d\000u\000c\000t\000i\000o\000n}{}% 1
\BOOKMARK [1][-]{section.1.1}{\376\377\000C\000o\000n\000t\000e\000x\000t\000e\000\040\000d\000u\000\040\000p\000r\000o\000j\000e\000t}{chapter.1}% 2
\BOOKMARK [1][-]{section.1.2}{\376\377\000O\000b\000j\000e\000c\000t\000i\000f\000s}{chapter.1}% 3
\BOOKMARK [1][-]{section.1.3}{\376\377\000A\000c\000t\000e\000u\000r\000s\000\040\000d\000u\000\040\000s\000y\000s\000t\000\350\000m\000e}{chapter.1}% 4
\BOOKMARK [0][-]{chapter.2}{\376\377\000A\000r\000c\000h\000i\000t\000e\000c\000t\000u\000r\000e\000\040\000d\000u\000\040\000S\000y\000s\000t\000\350\000m\000e}{}% 5
\BOOKMARK [1][-]{section.2.1}{\376\377\000V\000u\000e\000\040\000d\000'\000e\000n\000s\000e\000m\000b\000l\000e}{chapter.2}% 6
\BOOKMARK [1][-]{section.2.2}{\376\377\000D\000i\000a\000g\000r\000a\000m\000m\000e\000\040\000d\000'\000a\000r\000c\000h\000i\000t\000e\000c\000t\000u\000r\000e}{chapter.2}% 7
\BOOKMARK [1][-]{section.2.3}{\376\377\000D\000e\000s\000c\000r\000i\000p\000t\000i\000o\000n\000\040\000d\000e\000s\000\040\000m\000i\000c\000r\000o\000s\000e\000r\000v\000i\000c\000e\000s}{chapter.2}% 8
\BOOKMARK [1][-]{section.2.4}{\376\377\000T\000e\000c\000h\000n\000o\000l\000o\000g\000i\000e\000s\000\040\000u\000t\000i\000l\000i\000s\000\351\000e\000s}{chapter.2}% 9
\BOOKMARK [0][-]{chapter.3}{\376\377\000M\000o\000d\000\350\000l\000e\000\040\000d\000e\000\040\000D\000o\000n\000n\000\351\000e\000s}{}% 10
\BOOKMARK [1][-]{section.3.1}{\376\377\000E\000n\000t\000i\000t\000\351\000\040\000B\000e\000d\000\040\000\050\000L\000i\000t\000\051}{chapter.3}% 11
\BOOKMARK [2][-]{subsection.3.1.1}{\376\377\000C\000y\000c\000l\000e\000\040\000d\000e\000\040\000v\000i\000e\000\040\000d\000'\000u\000n\000\040\000l\000i\000t}{section.3.1}% 12
\BOOKMARK [1][-]{section.3.2}{\376\377\000E\000n\000t\000i\000t\000\351\000\040\000P\000a\000t\000i\000e\000n\000t}{chapter.3}% 13
\BOOKMARK [2][-]{subsection.3.2.1}{\376\377\000T\000r\000a\000j\000e\000c\000t\000o\000i\000r\000e\000\040\000d\000u\000\040\000p\000a\000t\000i\000e\000n\000t}{section.3.2}% 14
\BOOKMARK [1][-]{section.3.3}{\376\377\000E\000n\000t\000i\000t\000\351\000\040\000P\000a\000t\000i\000e\000n\000t\000T\000r\000a\000n\000s\000f\000e\000r}{chapter.3}% 15
\BOOKMARK [1][-]{section.3.4}{\376\377\000E\000n\000t\000i\000t\000\351\000\040\000O\000c\000c\000u\000p\000a\000n\000c\000y\000R\000e\000c\000o\000r\000d}{chapter.3}% 16
\BOOKMARK [1][-]{section.3.5}{\376\377\000E\000n\000t\000i\000t\000\351\000\040\000N\000o\000t\000i\000f\000i\000c\000a\000t\000i\000o\000n}{chapter.3}% 17
\BOOKMARK [0][-]{chapter.4}{\376\377\000F\000l\000u\000x\000\040\000d\000e\000\040\000D\000o\000n\000n\000\351\000e\000s\000\040\000e\000t\000\040\000C\000o\000m\000m\000u\000n\000i\000c\000a\000t\000i\000o\000n\000\040\000I\000n\000t\000e\000r\000-\000s\000e\000r\000v\000i\000c\000e\000s}{}% 18
\BOOKMARK [1][-]{section.4.1}{\376\377\000F\000l\000u\000x\000\040\000p\000r\000i\000n\000c\000i\000p\000a\000u\000x}{chapter.4}% 19
\BOOKMARK [1][-]{section.4.2}{\376\377\000S\000c\000\351\000n\000a\000r\000i\000o\000\040\000:\000\040\000A\000d\000m\000i\000s\000s\000i\000o\000n\000\040\000c\000o\000m\000p\000l\000\350\000t\000e\000\040\000d\000'\000u\000n\000\040\000p\000a\000t\000i\000e\000n\000t}{chapter.4}% 20
\BOOKMARK [1][-]{section.4.3}{\376\377\000C\000o\000m\000m\000u\000n\000i\000c\000a\000t\000i\000o\000n\000\040\000i\000n\000t\000e\000r\000-\000s\000e\000r\000v\000i\000c\000e\000s}{chapter.4}% 21
\BOOKMARK [0][-]{chapter.5}{\376\377\000A\000P\000I\000\040\000R\000E\000S\000T}{}% 22
\BOOKMARK [1][-]{section.5.1}{\376\377\000B\000e\000d\000\040\000M\000a\000n\000a\000g\000e\000m\000e\000n\000t\000\040\000S\000e\000r\000v\000i\000c\000e\000\040\040\023\000\040\000/\000a\000p\000i\000/\000b\000e\000d\000s}{chapter.5}% 23
\BOOKMARK [2][-]{subsection.5.1.1}{\376\377\000E\000x\000e\000m\000p\000l\000e\000\040\000d\000e\000\040\000r\000e\000q\000u\000\352\000t\000e\000\040\040\023\000\040\000C\000r\000\351\000a\000t\000i\000o\000n\000\040\000d\000'\000u\000n\000\040\000l\000i\000t}{section.5.1}% 24
\BOOKMARK [1][-]{section.5.2}{\376\377\000P\000a\000t\000i\000e\000n\000t\000\040\000F\000l\000o\000w\000\040\000S\000e\000r\000v\000i\000c\000e\000\040\040\023\000\040\000/\000a\000p\000i\000/\000p\000a\000t\000i\000e\000n\000t\000s}{chapter.5}% 25
\BOOKMARK [1][-]{section.5.3}{\376\377\000C\000a\000p\000a\000c\000i\000t\000y\000\040\000P\000r\000e\000d\000i\000c\000t\000i\000o\000n\000\040\000S\000e\000r\000v\000i\000c\000e\000\040\040\023\000\040\000/\000a\000p\000i\000/\000c\000a\000p\000a\000c\000i\000t\000y}{chapter.5}% 26
\BOOKMARK [2][-]{subsection.5.3.1}{\376\377\000A\000l\000g\000o\000r\000i\000t\000h\000m\000e\000\040\000d\000e\000\040\000p\000r\000\351\000d\000i\000c\000t\000i\000o\000n}{section.5.3}% 27
\BOOKMARK [1][-]{section.5.4}{\376\377\000N\000o\000t\000i\000f\000i\000c\000a\000t\000i\000o\000n\000\040\000O\000p\000s\000\040\000S\000e\000r\000v\000i\000c\000e\000\040\040\023\000\040\000/\000a\000p\000i\000/\000n\000o\000t\000i\000f\000i\000c\000a\000t\000i\000o\000n\000s}{chapter.5}% 28
\BOOKMARK [1][-]{section.5.5}{\376\377\000D\000a\000s\000h\000b\000o\000a\000r\000d\000\040\000S\000e\000r\000v\000i\000c\000e\000\040\040\023\000\040\000/\000a\000p\000i\000/\000d\000a\000s\000h\000b\000o\000a\000r\000d}{chapter.5}% 29
\BOOKMARK [0][-]{chapter.6}{\376\377\000D\000\351\000p\000l\000o\000i\000e\000m\000e\000n\000t\000\040\000a\000v\000e\000c\000\040\000D\000o\000c\000k\000e\000r}{}% 30
\BOOKMARK [1][-]{section.6.1}{\376\377\000S\000t\000r\000a\000t\000\351\000g\000i\000e\000\040\000d\000e\000\040\000c\000o\000n\000t\000e\000n\000e\000u\000r\000i\000s\000a\000t\000i\000o\000n}{chapter.6}% 31
\BOOKMARK [1][-]{section.6.2}{\376\377\000D\000o\000c\000k\000e\000r\000f\000i\000l\000e\000\040\000t\000y\000p\000e}{chapter.6}% 32
\BOOKMARK [1][-]{section.6.3}{\376\377\000O\000r\000d\000r\000e\000\040\000d\000e\000\040\000d\000\351\000m\000a\000r\000r\000a\000g\000e}{chapter.6}% 33
\BOOKMARK [1][-]{section.6.4}{\376\377\000C\000o\000m\000m\000a\000n\000d\000e\000s\000\040\000d\000e\000\040\000d\000\351\000p\000l\000o\000i\000e\000m\000e\000n\000t}{chapter.6}% 34
\BOOKMARK [1][-]{section.6.5}{\376\377\000P\000o\000r\000t\000s\000\040\000e\000x\000p\000o\000s\000\351\000s}{chapter.6}% 35
\BOOKMARK [0][-]{chapter.7}{\376\377\000G\000e\000s\000t\000i\000o\000n\000\040\000d\000e\000s\000\040\000C\000o\000n\000f\000l\000i\000t\000s\000\040\000d\000'\000A\000f\000f\000e\000c\000t\000a\000t\000i\000o\000n}{}% 36
\BOOKMARK [1][-]{section.7.1}{\376\377\000P\000r\000o\000b\000l\000\351\000m\000a\000t\000i\000q\000u\000e}{chapter.7}% 37
\BOOKMARK [1][-]{section.7.2}{\376\377\000S\000t\000r\000a\000t\000\351\000g\000i\000e\000s\000\040\000i\000m\000p\000l\000\351\000m\000e\000n\000t\000\351\000e\000s}{chapter.7}% 38
\BOOKMARK [2][-]{subsection.7.2.1}{\376\377\000M\000a\000c\000h\000i\000n\000e\000\040\000\340\000\040\000\351\000t\000a\000t\000s\000\040\000s\000t\000r\000i\000c\000t\000e}{section.7.2}% 39
\BOOKMARK [2][-]{subsection.7.2.2}{\376\377\000V\000\351\000r\000i\000f\000i\000c\000a\000t\000i\000o\000n\000\040\000a\000t\000o\000m\000i\000q\000u\000e}{section.7.2}% 40
\BOOKMARK [2][-]{subsection.7.2.3}{\376\377\000N\000o\000t\000i\000f\000i\000c\000a\000t\000i\000o\000n\000s\000\040\000p\000r\000o\000a\000c\000t\000i\000v\000e\000s}{section.7.2}% 41
\BOOKMARK [0][-]{chapter.8}{\376\377\000I\000n\000d\000i\000c\000a\000t\000e\000u\000r\000s\000\040\000d\000e\000\040\000P\000e\000r\000f\000o\000r\000m\000a\000n\000c\000e\000\040\000\050\000K\000P\000I\000s\000\051}{}% 42
\BOOKMARK [0][-]{chapter.9}{\376\377\000T\000e\000s\000t\000s\000\040\000e\000t\000\040\000V\000a\000l\000i\000d\000a\000t\000i\000o\000n}{}% 43
\BOOKMARK [1][-]{section.9.1}{\376\377\000C\000o\000l\000l\000e\000c\000t\000i\000o\000n\000\040\000P\000o\000s\000t\000m\000a\000n}{chapter.9}% 44
\BOOKMARK [1][-]{section.9.2}{\376\377\000D\000o\000c\000u\000m\000e\000n\000t\000a\000t\000i\000o\000n\000\040\000S\000w\000a\000g\000g\000e\000r}{chapter.9}% 45
\BOOKMARK [1][-]{section.9.3}{\376\377\000S\000c\000\351\000n\000a\000r\000i\000o\000\040\000d\000e\000\040\000t\000e\000s\000t\000\040\000i\000n\000t\000\351\000g\000r\000\351}{chapter.9}% 46
\BOOKMARK [0][-]{chapter.10}{\376\377\000C\000o\000n\000c\000l\000u\000s\000i\000o\000n}{}% 47
